{
  "stats": {
    "suites": 7,
    "tests": 30,
    "passes": 1,
    "pending": 0,
    "failures": 29,
    "start": "2018-03-26T16:42:13.774Z",
    "end": "2018-03-26T16:42:14.004Z",
    "duration": 230,
    "testsRegistered": 30,
    "passPercent": 3.3,
    "pendingPercent": 0,
    "other": 0,
    "hasOther": false,
    "skipped": 0,
    "hasSkipped": false,
    "passPercentClass": "danger",
    "pendingPercentClass": "danger"
  },
  "suites": {
    "uuid": "20517d36-f9e5-426b-b701-c92336b648b9",
    "title": "",
    "fullFile": "",
    "file": "",
    "beforeHooks": [],
    "afterHooks": [],
    "tests": [],
    "suites": [
      {
        "uuid": "fa847dc2-f67e-45fa-af1e-a927739ad273",
        "title": "免费行李额度的测试",
        "fullFile": "F:\\Project\\webstrom\\ST1\\test\\main.test.js",
        "file": "\\test\\main.test.js",
        "beforeHooks": [],
        "afterHooks": [],
        "tests": [],
        "suites": [
          {
            "uuid": "fad95c5d-b30b-4e04-b84c-bdaf02d16980",
            "title": "国内航班的测试",
            "fullFile": "F:\\Project\\webstrom\\ST1\\test\\main.test.js",
            "file": "\\test\\main.test.js",
            "beforeHooks": [],
            "afterHooks": [],
            "tests": [
              {
                "title": "普通人员头等舱的测试",
                "fullTitle": "免费行李额度的测试 国内航班的测试 普通人员头等舱的测试",
                "timedOut": false,
                "duration": 3,
                "state": "passed",
                "speed": "fast",
                "pass": true,
                "fail": false,
                "pending": false,
                "code": "expect(getFreeBabbage(new Traveler(Traveler.Type.头等舱, Traveler.SpecialType.普通人员), new Flight('', '', Flight.Type.国内航班))).to.be.deep.equal({ maxWeight: 40, number: 1,\n  maxLength: 60,\n  maxWidth: 40,\n  maxHeight: 100 });",
                "err": {},
                "isRoot": false,
                "uuid": "ac8f5e08-e70a-479c-899b-3d4a2e678661",
                "isHook": false,
                "skipped": false
              },
              {
                "title": "普通人员公务舱的测试",
                "fullTitle": "免费行李额度的测试 国内航班的测试 普通人员公务舱的测试",
                "timedOut": false,
                "duration": 4,
                "state": "failed",
                "pass": false,
                "fail": true,
                "pending": false,
                "code": "expect(getFreeBabbage(new Traveler(Traveler.Type.公务舱, Traveler.SpecialType.普通人员), new Flight('', '', Flight.Type.国内航班))).to.be.deep.equal({\n  items: [30],\n  maxLength: Number.MAX_VALUE\n});",
                "err": {
                  "message": "AssertionError: expected { Object (maxWeight, number, ...) } to deeply equal { Object (items, maxLength) }",
                  "estack": "AssertionError: expected { Object (maxWeight, number, ...) } to deeply equal { Object (items, maxLength) }\n    at Proxy.assertEqual (node_modules\\_chai@4.1.2@chai\\lib\\chai\\core\\assertions.js:1020:19)\n    at Proxy.methodWrapper (node_modules\\_chai@4.1.2@chai\\lib\\chai\\utils\\addMethod.js:57:25)\n    at Context.<anonymous> (F:/Project/webstrom/ST1/test/main.test.js:17:139)\n    at callFn (node_modules\\_mocha@5.0.5@mocha\\lib\\runnable.js:378:21)\n    at Test.Runnable.run (node_modules\\_mocha@5.0.5@mocha\\lib\\runnable.js:370:7)\n    at Runner.runTest (node_modules\\_mocha@5.0.5@mocha\\lib\\runner.js:442:10)\n    at F:\\Project\\webstrom\\ST1\\node_modules\\_mocha@5.0.5@mocha\\lib\\runner.js:560:12\n    at next (node_modules\\_mocha@5.0.5@mocha\\lib\\runner.js:356:14)\n    at F:\\Project\\webstrom\\ST1\\node_modules\\_mocha@5.0.5@mocha\\lib\\runner.js:366:7\n    at next (node_modules\\_mocha@5.0.5@mocha\\lib\\runner.js:290:14)\n    at Immediate._onImmediate (node_modules\\_mocha@5.0.5@mocha\\lib\\runner.js:334:5)",
                  "diff": " {\n-   \"maxHeight\": 100\n-   \"maxLength\": 60\n-   \"maxWeight\": 30\n-   \"maxWidth\": 40\n-   \"number\": 1\n+   \"items\": [\n+     30\n+   ]\n+   \"maxLength\": 1.7976931348623157e+308\n }\n"
                },
                "isRoot": false,
                "uuid": "75a6757d-83a5-426d-b83c-5c12a879a24d",
                "isHook": false,
                "skipped": false
              },
              {
                "title": "普通人员明珠经济舱的测试",
                "fullTitle": "免费行李额度的测试 国内航班的测试 普通人员明珠经济舱的测试",
                "timedOut": false,
                "duration": 0,
                "state": "failed",
                "pass": false,
                "fail": true,
                "pending": false,
                "code": "expect(getFreeBabbage(new Traveler(Traveler.Type.明珠经济舱, Traveler.SpecialType.普通人员), new Flight('', '', Flight.Type.国内航班))).to.be.deep.equal({\n  items: [20],\n  maxLength: Number.MAX_VALUE\n});",
                "err": {
                  "message": "AssertionError: expected { Object (maxWeight, number, ...) } to deeply equal { Object (items, maxLength) }",
                  "estack": "AssertionError: expected { Object (maxWeight, number, ...) } to deeply equal { Object (items, maxLength) }\n    at Proxy.assertEqual (node_modules\\_chai@4.1.2@chai\\lib\\chai\\core\\assertions.js:1020:19)\n    at Proxy.methodWrapper (node_modules\\_chai@4.1.2@chai\\lib\\chai\\utils\\addMethod.js:57:25)\n    at Context.<anonymous> (F:/Project/webstrom/ST1/test/main.test.js:23:141)\n    at callFn (node_modules\\_mocha@5.0.5@mocha\\lib\\runnable.js:378:21)\n    at Test.Runnable.run (node_modules\\_mocha@5.0.5@mocha\\lib\\runnable.js:370:7)\n    at Runner.runTest (node_modules\\_mocha@5.0.5@mocha\\lib\\runner.js:442:10)\n    at F:\\Project\\webstrom\\ST1\\node_modules\\_mocha@5.0.5@mocha\\lib\\runner.js:560:12\n    at next (node_modules\\_mocha@5.0.5@mocha\\lib\\runner.js:356:14)\n    at F:\\Project\\webstrom\\ST1\\node_modules\\_mocha@5.0.5@mocha\\lib\\runner.js:366:7\n    at next (node_modules\\_mocha@5.0.5@mocha\\lib\\runner.js:290:14)\n    at Immediate._onImmediate (node_modules\\_mocha@5.0.5@mocha\\lib\\runner.js:334:5)",
                  "diff": " {\n-   \"maxHeight\": 100\n-   \"maxLength\": 60\n-   \"maxWeight\": 20\n-   \"maxWidth\": 40\n-   \"number\": 1\n+   \"items\": [\n+     20\n+   ]\n+   \"maxLength\": 1.7976931348623157e+308\n }\n"
                },
                "isRoot": false,
                "uuid": "2f4ace12-502c-4cd5-894e-0bd450caf71e",
                "isHook": false,
                "skipped": false
              },
              {
                "title": "普通人员经济舱的测试",
                "fullTitle": "免费行李额度的测试 国内航班的测试 普通人员经济舱的测试",
                "timedOut": false,
                "duration": 0,
                "state": "failed",
                "pass": false,
                "fail": true,
                "pending": false,
                "code": "expect(getFreeBabbage(new Traveler(Traveler.Type.经济舱, Traveler.SpecialType.普通人员), new Flight('', '', Flight.Type.国内航班))).to.be.deep.equal({\n  items: [20],\n  maxLength: Number.MAX_VALUE\n});",
                "err": {
                  "message": "AssertionError: expected { Object (maxWeight, number, ...) } to deeply equal { Object (items, maxLength) }",
                  "estack": "AssertionError: expected { Object (maxWeight, number, ...) } to deeply equal { Object (items, maxLength) }\n    at Proxy.assertEqual (node_modules\\_chai@4.1.2@chai\\lib\\chai\\core\\assertions.js:1020:19)\n    at Proxy.methodWrapper (node_modules\\_chai@4.1.2@chai\\lib\\chai\\utils\\addMethod.js:57:25)\n    at Context.<anonymous> (F:/Project/webstrom/ST1/test/main.test.js:29:139)\n    at callFn (node_modules\\_mocha@5.0.5@mocha\\lib\\runnable.js:378:21)\n    at Test.Runnable.run (node_modules\\_mocha@5.0.5@mocha\\lib\\runnable.js:370:7)\n    at Runner.runTest (node_modules\\_mocha@5.0.5@mocha\\lib\\runner.js:442:10)\n    at F:\\Project\\webstrom\\ST1\\node_modules\\_mocha@5.0.5@mocha\\lib\\runner.js:560:12\n    at next (node_modules\\_mocha@5.0.5@mocha\\lib\\runner.js:356:14)\n    at F:\\Project\\webstrom\\ST1\\node_modules\\_mocha@5.0.5@mocha\\lib\\runner.js:366:7\n    at next (node_modules\\_mocha@5.0.5@mocha\\lib\\runner.js:290:14)\n    at Immediate._onImmediate (node_modules\\_mocha@5.0.5@mocha\\lib\\runner.js:334:5)",
                  "diff": " {\n-   \"maxHeight\": 100\n-   \"maxLength\": 60\n-   \"maxWeight\": 20\n-   \"maxWidth\": 40\n-   \"number\": 1\n+   \"items\": [\n+     20\n+   ]\n+   \"maxLength\": 1.7976931348623157e+308\n }\n"
                },
                "isRoot": false,
                "uuid": "7d4ce85b-538a-45d1-bc27-b9b276a23212",
                "isHook": false,
                "skipped": false
              },
              {
                "title": "普通人员不占座婴儿的测试",
                "fullTitle": "免费行李额度的测试 国内航班的测试 普通人员不占座婴儿的测试",
                "timedOut": false,
                "duration": 1,
                "state": "failed",
                "pass": false,
                "fail": true,
                "pending": false,
                "code": "expect(getFreeBabbage(new Traveler(Traveler.Type.不占座婴儿, Traveler.SpecialType.普通人员), new Flight('', '', Flight.Type.国内航班))).to.be.deep.equal({\n  items: [10],\n  maxLength: Number.MAX_VALUE\n});",
                "err": {
                  "message": "AssertionError: expected { Object (maxWeight, number, ...) } to deeply equal { Object (items, maxLength) }",
                  "estack": "AssertionError: expected { Object (maxWeight, number, ...) } to deeply equal { Object (items, maxLength) }\n    at Proxy.assertEqual (node_modules\\_chai@4.1.2@chai\\lib\\chai\\core\\assertions.js:1020:19)\n    at Proxy.methodWrapper (node_modules\\_chai@4.1.2@chai\\lib\\chai\\utils\\addMethod.js:57:25)\n    at Context.<anonymous> (F:/Project/webstrom/ST1/test/main.test.js:35:141)\n    at callFn (node_modules\\_mocha@5.0.5@mocha\\lib\\runnable.js:378:21)\n    at Test.Runnable.run (node_modules\\_mocha@5.0.5@mocha\\lib\\runnable.js:370:7)\n    at Runner.runTest (node_modules\\_mocha@5.0.5@mocha\\lib\\runner.js:442:10)\n    at F:\\Project\\webstrom\\ST1\\node_modules\\_mocha@5.0.5@mocha\\lib\\runner.js:560:12\n    at next (node_modules\\_mocha@5.0.5@mocha\\lib\\runner.js:356:14)\n    at F:\\Project\\webstrom\\ST1\\node_modules\\_mocha@5.0.5@mocha\\lib\\runner.js:366:7\n    at next (node_modules\\_mocha@5.0.5@mocha\\lib\\runner.js:290:14)\n    at Immediate._onImmediate (node_modules\\_mocha@5.0.5@mocha\\lib\\runner.js:334:5)",
                  "diff": " {\n-   \"maxHeight\": 100\n-   \"maxLength\": 60\n-   \"maxWeight\": 10\n-   \"maxWidth\": 40\n-   \"number\": 1\n+   \"items\": [\n+     10\n+   ]\n+   \"maxLength\": 1.7976931348623157e+308\n }\n"
                },
                "isRoot": false,
                "uuid": "641087f2-268a-4c20-986b-9b6564c2a942",
                "isHook": false,
                "skipped": false
              }
            ],
            "suites": [],
            "passes": [
              "ac8f5e08-e70a-479c-899b-3d4a2e678661"
            ],
            "failures": [
              "75a6757d-83a5-426d-b83c-5c12a879a24d",
              "2f4ace12-502c-4cd5-894e-0bd450caf71e",
              "7d4ce85b-538a-45d1-bc27-b9b276a23212",
              "641087f2-268a-4c20-986b-9b6564c2a942"
            ],
            "pending": [],
            "skipped": [],
            "duration": 8,
            "root": false,
            "rootEmpty": false,
            "_timeout": 2000
          },
          {
            "uuid": "6484984c-3c88-4661-b088-0413f50470ac",
            "title": "区域1航班的测试",
            "fullFile": "F:\\Project\\webstrom\\ST1\\test\\main.test.js",
            "file": "\\test\\main.test.js",
            "beforeHooks": [],
            "afterHooks": [],
            "tests": [
              {
                "title": "普通人员头等舱的测试",
                "fullTitle": "免费行李额度的测试 区域1航班的测试 普通人员头等舱的测试",
                "timedOut": false,
                "duration": 0,
                "state": "failed",
                "pass": false,
                "fail": true,
                "pending": false,
                "code": "expect(getFreeBabbage(new Traveler(Traveler.Type.头等舱, Traveler.SpecialType.普通人员), new Flight('', '', Flight.Type.区域一))).to.be.deep.equal({\n  items: [32, 32, 32],\n  maxLength: 158\n});",
                "err": {
                  "message": "AssertionError: expected { Object (maxWeight, maxSize, ...) } to deeply equal { Object (items, maxLength) }",
                  "estack": "AssertionError: expected { Object (maxWeight, maxSize, ...) } to deeply equal { Object (items, maxLength) }\n    at Proxy.assertEqual (node_modules\\_chai@4.1.2@chai\\lib\\chai\\core\\assertions.js:1020:19)\n    at Proxy.methodWrapper (node_modules\\_chai@4.1.2@chai\\lib\\chai\\utils\\addMethod.js:57:25)\n    at Context.<anonymous> (F:/Project/webstrom/ST1/test/main.test.js:43:138)\n    at callFn (node_modules\\_mocha@5.0.5@mocha\\lib\\runnable.js:378:21)\n    at Test.Runnable.run (node_modules\\_mocha@5.0.5@mocha\\lib\\runnable.js:370:7)\n    at Runner.runTest (node_modules\\_mocha@5.0.5@mocha\\lib\\runner.js:442:10)\n    at F:\\Project\\webstrom\\ST1\\node_modules\\_mocha@5.0.5@mocha\\lib\\runner.js:560:12\n    at next (node_modules\\_mocha@5.0.5@mocha\\lib\\runner.js:356:14)\n    at F:\\Project\\webstrom\\ST1\\node_modules\\_mocha@5.0.5@mocha\\lib\\runner.js:366:7\n    at next (node_modules\\_mocha@5.0.5@mocha\\lib\\runner.js:290:14)\n    at Immediate._onImmediate (node_modules\\_mocha@5.0.5@mocha\\lib\\runner.js:334:5)",
                  "diff": " {\n-   \"maxSize\": 158\n-   \"maxWeight\": 32\n-   \"number\": 3\n+   \"items\": [\n+     32\n+     32\n+     32\n+   ]\n+   \"maxLength\": 158\n }\n"
                },
                "isRoot": false,
                "uuid": "98834249-acea-4c70-8a8b-2218b6cafeb4",
                "isHook": false,
                "skipped": false
              },
              {
                "title": "普通人员公务舱的测试",
                "fullTitle": "免费行李额度的测试 区域1航班的测试 普通人员公务舱的测试",
                "timedOut": false,
                "duration": 0,
                "state": "failed",
                "pass": false,
                "fail": true,
                "pending": false,
                "code": "expect(getFreeBabbage(new Traveler(Traveler.Type.公务舱, Traveler.SpecialType.普通人员), new Flight('', '', Flight.Type.区域一))).to.be.deep.equal({\n  items: [32, 32],\n  maxLength: 158\n});",
                "err": {
                  "message": "AssertionError: expected { Object (maxWeight, number, ...) } to deeply equal { items: [ 32, 32 ], maxLength: 158 }",
                  "estack": "AssertionError: expected { Object (maxWeight, number, ...) } to deeply equal { items: [ 32, 32 ], maxLength: 158 }\n    at Proxy.assertEqual (node_modules\\_chai@4.1.2@chai\\lib\\chai\\core\\assertions.js:1020:19)\n    at Proxy.methodWrapper (node_modules\\_chai@4.1.2@chai\\lib\\chai\\utils\\addMethod.js:57:25)\n    at Context.<anonymous> (F:/Project/webstrom/ST1/test/main.test.js:49:138)\n    at callFn (node_modules\\_mocha@5.0.5@mocha\\lib\\runnable.js:378:21)\n    at Test.Runnable.run (node_modules\\_mocha@5.0.5@mocha\\lib\\runnable.js:370:7)\n    at Runner.runTest (node_modules\\_mocha@5.0.5@mocha\\lib\\runner.js:442:10)\n    at F:\\Project\\webstrom\\ST1\\node_modules\\_mocha@5.0.5@mocha\\lib\\runner.js:560:12\n    at next (node_modules\\_mocha@5.0.5@mocha\\lib\\runner.js:356:14)\n    at F:\\Project\\webstrom\\ST1\\node_modules\\_mocha@5.0.5@mocha\\lib\\runner.js:366:7\n    at next (node_modules\\_mocha@5.0.5@mocha\\lib\\runner.js:290:14)\n    at Immediate._onImmediate (node_modules\\_mocha@5.0.5@mocha\\lib\\runner.js:334:5)",
                  "diff": " {\n-   \"maxSize\": 158\n-   \"maxWeight\": 32\n-   \"number\": 2\n+   \"items\": [\n+     32\n+     32\n+   ]\n+   \"maxLength\": 158\n }\n"
                },
                "isRoot": false,
                "uuid": "0c0c26ad-a0f0-4248-a004-334759f74d14",
                "isHook": false,
                "skipped": false
              },
              {
                "title": "普通人员明珠经济舱的测试",
                "fullTitle": "免费行李额度的测试 区域1航班的测试 普通人员明珠经济舱的测试",
                "timedOut": false,
                "duration": 0,
                "state": "failed",
                "pass": false,
                "fail": true,
                "pending": false,
                "code": "expect(getFreeBabbage(new Traveler(Traveler.Type.明珠经济舱, Traveler.SpecialType.普通人员), new Flight('', '', Flight.Type.区域一))).to.be.deep.equal({\n  items: [23, 23],\n  maxLength: 158\n});",
                "err": {
                  "message": "AssertionError: expected { Object (maxWeight, number, ...) } to deeply equal { items: [ 23, 23 ], maxLength: 158 }",
                  "estack": "AssertionError: expected { Object (maxWeight, number, ...) } to deeply equal { items: [ 23, 23 ], maxLength: 158 }\n    at Proxy.assertEqual (node_modules\\_chai@4.1.2@chai\\lib\\chai\\core\\assertions.js:1020:19)\n    at Proxy.methodWrapper (node_modules\\_chai@4.1.2@chai\\lib\\chai\\utils\\addMethod.js:57:25)\n    at Context.<anonymous> (F:/Project/webstrom/ST1/test/main.test.js:55:140)\n    at callFn (node_modules\\_mocha@5.0.5@mocha\\lib\\runnable.js:378:21)\n    at Test.Runnable.run (node_modules\\_mocha@5.0.5@mocha\\lib\\runnable.js:370:7)\n    at Runner.runTest (node_modules\\_mocha@5.0.5@mocha\\lib\\runner.js:442:10)\n    at F:\\Project\\webstrom\\ST1\\node_modules\\_mocha@5.0.5@mocha\\lib\\runner.js:560:12\n    at next (node_modules\\_mocha@5.0.5@mocha\\lib\\runner.js:356:14)\n    at F:\\Project\\webstrom\\ST1\\node_modules\\_mocha@5.0.5@mocha\\lib\\runner.js:366:7\n    at next (node_modules\\_mocha@5.0.5@mocha\\lib\\runner.js:290:14)\n    at Immediate._onImmediate (node_modules\\_mocha@5.0.5@mocha\\lib\\runner.js:334:5)",
                  "diff": " {\n-   \"maxSize\": 158\n-   \"maxWeight\": 23\n-   \"number\": 2\n+   \"items\": [\n+     23\n+     23\n+   ]\n+   \"maxLength\": 158\n }\n"
                },
                "isRoot": false,
                "uuid": "09e46e3a-06e0-41ed-81a7-fda3d1049b33",
                "isHook": false,
                "skipped": false
              },
              {
                "title": "普通人员经济舱的测试",
                "fullTitle": "免费行李额度的测试 区域1航班的测试 普通人员经济舱的测试",
                "timedOut": false,
                "duration": 0,
                "state": "failed",
                "pass": false,
                "fail": true,
                "pending": false,
                "code": "expect(getFreeBabbage(new Traveler(Traveler.Type.经济舱, Traveler.SpecialType.普通人员), new Flight('', '', Flight.Type.区域一))).to.be.deep.equal({\n  items: [23, 23],\n  maxLength: 158\n});",
                "err": {
                  "message": "AssertionError: expected { Object (maxWeight, number, ...) } to deeply equal { items: [ 23, 23 ], maxLength: 158 }",
                  "estack": "AssertionError: expected { Object (maxWeight, number, ...) } to deeply equal { items: [ 23, 23 ], maxLength: 158 }\n    at Proxy.assertEqual (node_modules\\_chai@4.1.2@chai\\lib\\chai\\core\\assertions.js:1020:19)\n    at Proxy.methodWrapper (node_modules\\_chai@4.1.2@chai\\lib\\chai\\utils\\addMethod.js:57:25)\n    at Context.<anonymous> (F:/Project/webstrom/ST1/test/main.test.js:61:138)\n    at callFn (node_modules\\_mocha@5.0.5@mocha\\lib\\runnable.js:378:21)\n    at Test.Runnable.run (node_modules\\_mocha@5.0.5@mocha\\lib\\runnable.js:370:7)\n    at Runner.runTest (node_modules\\_mocha@5.0.5@mocha\\lib\\runner.js:442:10)\n    at F:\\Project\\webstrom\\ST1\\node_modules\\_mocha@5.0.5@mocha\\lib\\runner.js:560:12\n    at next (node_modules\\_mocha@5.0.5@mocha\\lib\\runner.js:356:14)\n    at F:\\Project\\webstrom\\ST1\\node_modules\\_mocha@5.0.5@mocha\\lib\\runner.js:366:7\n    at next (node_modules\\_mocha@5.0.5@mocha\\lib\\runner.js:290:14)\n    at Immediate._onImmediate (node_modules\\_mocha@5.0.5@mocha\\lib\\runner.js:334:5)",
                  "diff": " {\n-   \"maxSize\": 158\n-   \"maxWeight\": 23\n-   \"number\": 2\n+   \"items\": [\n+     23\n+     23\n+   ]\n+   \"maxLength\": 158\n }\n"
                },
                "isRoot": false,
                "uuid": "cee5f9c5-5c57-4a22-8d4c-dcf1cca65869",
                "isHook": false,
                "skipped": false
              },
              {
                "title": "普通人员不占座婴儿的测试",
                "fullTitle": "免费行李额度的测试 区域1航班的测试 普通人员不占座婴儿的测试",
                "timedOut": false,
                "duration": 1,
                "state": "failed",
                "pass": false,
                "fail": true,
                "pending": false,
                "code": "expect(getFreeBabbage(new Traveler(Traveler.Type.不占座婴儿, Traveler.SpecialType.普通人员), new Flight('', '', Flight.Type.区域一))).to.be.deep.equal({\n  items: [10],\n  maxLength: 115\n});",
                "err": {
                  "message": "AssertionError: expected { Object (maxWeight, number, ...) } to deeply equal { items: [ 10 ], maxLength: 115 }",
                  "estack": "AssertionError: expected { Object (maxWeight, number, ...) } to deeply equal { items: [ 10 ], maxLength: 115 }\n    at Proxy.assertEqual (node_modules\\_chai@4.1.2@chai\\lib\\chai\\core\\assertions.js:1020:19)\n    at Proxy.methodWrapper (node_modules\\_chai@4.1.2@chai\\lib\\chai\\utils\\addMethod.js:57:25)\n    at Context.<anonymous> (F:/Project/webstrom/ST1/test/main.test.js:67:140)\n    at callFn (node_modules\\_mocha@5.0.5@mocha\\lib\\runnable.js:378:21)\n    at Test.Runnable.run (node_modules\\_mocha@5.0.5@mocha\\lib\\runnable.js:370:7)\n    at Runner.runTest (node_modules\\_mocha@5.0.5@mocha\\lib\\runner.js:442:10)\n    at F:\\Project\\webstrom\\ST1\\node_modules\\_mocha@5.0.5@mocha\\lib\\runner.js:560:12\n    at next (node_modules\\_mocha@5.0.5@mocha\\lib\\runner.js:356:14)\n    at F:\\Project\\webstrom\\ST1\\node_modules\\_mocha@5.0.5@mocha\\lib\\runner.js:366:7\n    at next (node_modules\\_mocha@5.0.5@mocha\\lib\\runner.js:290:14)\n    at Immediate._onImmediate (node_modules\\_mocha@5.0.5@mocha\\lib\\runner.js:334:5)",
                  "diff": " {\n-   \"maxSize\": 115\n-   \"maxWeight\": 0\n-   \"number\": 1\n+   \"items\": [\n+     10\n+   ]\n+   \"maxLength\": 115\n }\n"
                },
                "isRoot": false,
                "uuid": "48244079-b135-468f-ac93-b460a433ba17",
                "isHook": false,
                "skipped": false
              }
            ],
            "suites": [],
            "passes": [],
            "failures": [
              "98834249-acea-4c70-8a8b-2218b6cafeb4",
              "0c0c26ad-a0f0-4248-a004-334759f74d14",
              "09e46e3a-06e0-41ed-81a7-fda3d1049b33",
              "cee5f9c5-5c57-4a22-8d4c-dcf1cca65869",
              "48244079-b135-468f-ac93-b460a433ba17"
            ],
            "pending": [],
            "skipped": [],
            "duration": 1,
            "root": false,
            "rootEmpty": false,
            "_timeout": 2000
          },
          {
            "uuid": "ae4e2355-9476-4b1b-95b9-ab73383be21c",
            "title": "区域2航班的测试",
            "fullFile": "F:\\Project\\webstrom\\ST1\\test\\main.test.js",
            "file": "\\test\\main.test.js",
            "beforeHooks": [],
            "afterHooks": [],
            "tests": [
              {
                "title": "普通人员头等舱的测试",
                "fullTitle": "免费行李额度的测试 区域2航班的测试 普通人员头等舱的测试",
                "timedOut": false,
                "duration": 0,
                "state": "failed",
                "pass": false,
                "fail": true,
                "pending": false,
                "code": "expect(getFreeBabbage(new Traveler(Traveler.Type.头等舱, Traveler.SpecialType.普通人员), new Flight('', '', Flight.Type.区域二_不涉及美国))).to.be.deep.equal({\n  items: [32, 32, 32],\n  maxLength: 158\n});",
                "err": {
                  "message": "AssertionError: expected { Object (maxWeight, maxSize, ...) } to deeply equal { Object (items, maxLength) }",
                  "estack": "AssertionError: expected { Object (maxWeight, maxSize, ...) } to deeply equal { Object (items, maxLength) }\n    at Proxy.assertEqual (node_modules\\_chai@4.1.2@chai\\lib\\chai\\core\\assertions.js:1020:19)\n    at Proxy.methodWrapper (node_modules\\_chai@4.1.2@chai\\lib\\chai\\utils\\addMethod.js:57:25)\n    at Context.<anonymous> (F:/Project/webstrom/ST1/test/main.test.js:75:144)\n    at callFn (node_modules\\_mocha@5.0.5@mocha\\lib\\runnable.js:378:21)\n    at Test.Runnable.run (node_modules\\_mocha@5.0.5@mocha\\lib\\runnable.js:370:7)\n    at Runner.runTest (node_modules\\_mocha@5.0.5@mocha\\lib\\runner.js:442:10)\n    at F:\\Project\\webstrom\\ST1\\node_modules\\_mocha@5.0.5@mocha\\lib\\runner.js:560:12\n    at next (node_modules\\_mocha@5.0.5@mocha\\lib\\runner.js:356:14)\n    at F:\\Project\\webstrom\\ST1\\node_modules\\_mocha@5.0.5@mocha\\lib\\runner.js:366:7\n    at next (node_modules\\_mocha@5.0.5@mocha\\lib\\runner.js:290:14)\n    at Immediate._onImmediate (node_modules\\_mocha@5.0.5@mocha\\lib\\runner.js:334:5)",
                  "diff": " {\n-   \"maxSize\": 158\n-   \"maxWeight\": 32\n-   \"number\": 3\n+   \"items\": [\n+     32\n+     32\n+     32\n+   ]\n+   \"maxLength\": 158\n }\n"
                },
                "isRoot": false,
                "uuid": "e94de824-1fa2-4ba8-96af-2a2851a9ac62",
                "isHook": false,
                "skipped": false
              },
              {
                "title": "普通人员公务舱的测试",
                "fullTitle": "免费行李额度的测试 区域2航班的测试 普通人员公务舱的测试",
                "timedOut": false,
                "duration": 0,
                "state": "failed",
                "pass": false,
                "fail": true,
                "pending": false,
                "code": "expect(getFreeBabbage(new Traveler(Traveler.Type.公务舱, Traveler.SpecialType.普通人员), new Flight('', '', Flight.Type.区域二_不涉及美国))).to.be.deep.equal({\n  items: [32, 32],\n  maxLength: 158\n});",
                "err": {
                  "message": "AssertionError: expected { Object (maxWeight, number, ...) } to deeply equal { items: [ 32, 32 ], maxLength: 158 }",
                  "estack": "AssertionError: expected { Object (maxWeight, number, ...) } to deeply equal { items: [ 32, 32 ], maxLength: 158 }\n    at Proxy.assertEqual (node_modules\\_chai@4.1.2@chai\\lib\\chai\\core\\assertions.js:1020:19)\n    at Proxy.methodWrapper (node_modules\\_chai@4.1.2@chai\\lib\\chai\\utils\\addMethod.js:57:25)\n    at Context.<anonymous> (F:/Project/webstrom/ST1/test/main.test.js:81:144)\n    at callFn (node_modules\\_mocha@5.0.5@mocha\\lib\\runnable.js:378:21)\n    at Test.Runnable.run (node_modules\\_mocha@5.0.5@mocha\\lib\\runnable.js:370:7)\n    at Runner.runTest (node_modules\\_mocha@5.0.5@mocha\\lib\\runner.js:442:10)\n    at F:\\Project\\webstrom\\ST1\\node_modules\\_mocha@5.0.5@mocha\\lib\\runner.js:560:12\n    at next (node_modules\\_mocha@5.0.5@mocha\\lib\\runner.js:356:14)\n    at F:\\Project\\webstrom\\ST1\\node_modules\\_mocha@5.0.5@mocha\\lib\\runner.js:366:7\n    at next (node_modules\\_mocha@5.0.5@mocha\\lib\\runner.js:290:14)\n    at Immediate._onImmediate (node_modules\\_mocha@5.0.5@mocha\\lib\\runner.js:334:5)",
                  "diff": " {\n-   \"maxSize\": 158\n-   \"maxWeight\": 32\n-   \"number\": 2\n+   \"items\": [\n+     32\n+     32\n+   ]\n+   \"maxLength\": 158\n }\n"
                },
                "isRoot": false,
                "uuid": "f836dc82-e18a-4b1c-941c-21a8f716d68b",
                "isHook": false,
                "skipped": false
              },
              {
                "title": "普通人员明珠经济舱的测试",
                "fullTitle": "免费行李额度的测试 区域2航班的测试 普通人员明珠经济舱的测试",
                "timedOut": false,
                "duration": 0,
                "state": "failed",
                "pass": false,
                "fail": true,
                "pending": false,
                "code": "expect(getFreeBabbage(new Traveler(Traveler.Type.明珠经济舱, Traveler.SpecialType.普通人员), new Flight('', '', Flight.Type.区域二_不涉及美国))).to.be.deep.equal({\n  items: [32],\n  maxLength: 158\n});",
                "err": {
                  "message": "AssertionError: expected { Object (maxWeight, number, ...) } to deeply equal { items: [ 32 ], maxLength: 158 }",
                  "estack": "AssertionError: expected { Object (maxWeight, number, ...) } to deeply equal { items: [ 32 ], maxLength: 158 }\n    at Proxy.assertEqual (node_modules\\_chai@4.1.2@chai\\lib\\chai\\core\\assertions.js:1020:19)\n    at Proxy.methodWrapper (node_modules\\_chai@4.1.2@chai\\lib\\chai\\utils\\addMethod.js:57:25)\n    at Context.<anonymous> (F:/Project/webstrom/ST1/test/main.test.js:87:146)\n    at callFn (node_modules\\_mocha@5.0.5@mocha\\lib\\runnable.js:378:21)\n    at Test.Runnable.run (node_modules\\_mocha@5.0.5@mocha\\lib\\runnable.js:370:7)\n    at Runner.runTest (node_modules\\_mocha@5.0.5@mocha\\lib\\runner.js:442:10)\n    at F:\\Project\\webstrom\\ST1\\node_modules\\_mocha@5.0.5@mocha\\lib\\runner.js:560:12\n    at next (node_modules\\_mocha@5.0.5@mocha\\lib\\runner.js:356:14)\n    at F:\\Project\\webstrom\\ST1\\node_modules\\_mocha@5.0.5@mocha\\lib\\runner.js:366:7\n    at next (node_modules\\_mocha@5.0.5@mocha\\lib\\runner.js:290:14)\n    at Immediate._onImmediate (node_modules\\_mocha@5.0.5@mocha\\lib\\runner.js:334:5)",
                  "diff": " {\n-   \"maxSize\": 158\n-   \"maxWeight\": 32\n-   \"number\": 1\n+   \"items\": [\n+     32\n+   ]\n+   \"maxLength\": 158\n }\n"
                },
                "isRoot": false,
                "uuid": "8e1ff242-d303-436e-8cfe-ca4467878387",
                "isHook": false,
                "skipped": false
              },
              {
                "title": "普通人员经济舱的测试",
                "fullTitle": "免费行李额度的测试 区域2航班的测试 普通人员经济舱的测试",
                "timedOut": false,
                "duration": 0,
                "state": "failed",
                "pass": false,
                "fail": true,
                "pending": false,
                "code": "expect(getFreeBabbage(new Traveler(Traveler.Type.经济舱, Traveler.SpecialType.普通人员), new Flight('', '', Flight.Type.区域二_不涉及美国))).to.be.deep.equal({\n  items: [32],\n  maxLength: 158\n});",
                "err": {
                  "message": "AssertionError: expected { Object (maxWeight, number, ...) } to deeply equal { items: [ 32 ], maxLength: 158 }",
                  "estack": "AssertionError: expected { Object (maxWeight, number, ...) } to deeply equal { items: [ 32 ], maxLength: 158 }\n    at Proxy.assertEqual (node_modules\\_chai@4.1.2@chai\\lib\\chai\\core\\assertions.js:1020:19)\n    at Proxy.methodWrapper (node_modules\\_chai@4.1.2@chai\\lib\\chai\\utils\\addMethod.js:57:25)\n    at Context.<anonymous> (F:/Project/webstrom/ST1/test/main.test.js:93:144)\n    at callFn (node_modules\\_mocha@5.0.5@mocha\\lib\\runnable.js:378:21)\n    at Test.Runnable.run (node_modules\\_mocha@5.0.5@mocha\\lib\\runnable.js:370:7)\n    at Runner.runTest (node_modules\\_mocha@5.0.5@mocha\\lib\\runner.js:442:10)\n    at F:\\Project\\webstrom\\ST1\\node_modules\\_mocha@5.0.5@mocha\\lib\\runner.js:560:12\n    at next (node_modules\\_mocha@5.0.5@mocha\\lib\\runner.js:356:14)\n    at F:\\Project\\webstrom\\ST1\\node_modules\\_mocha@5.0.5@mocha\\lib\\runner.js:366:7\n    at next (node_modules\\_mocha@5.0.5@mocha\\lib\\runner.js:290:14)\n    at Immediate._onImmediate (node_modules\\_mocha@5.0.5@mocha\\lib\\runner.js:334:5)",
                  "diff": " {\n-   \"maxSize\": 158\n-   \"maxWeight\": 32\n-   \"number\": 1\n+   \"items\": [\n+     32\n+   ]\n+   \"maxLength\": 158\n }\n"
                },
                "isRoot": false,
                "uuid": "66a8fafe-32f3-4f09-a268-cc1a6b23742b",
                "isHook": false,
                "skipped": false
              },
              {
                "title": "普通人员不占座婴儿的测试",
                "fullTitle": "免费行李额度的测试 区域2航班的测试 普通人员不占座婴儿的测试",
                "timedOut": false,
                "duration": 0,
                "state": "failed",
                "pass": false,
                "fail": true,
                "pending": false,
                "code": "expect(getFreeBabbage(new Traveler(Traveler.Type.不占座婴儿, Traveler.SpecialType.普通人员), new Flight('', '', Flight.Type.区域二_不涉及美国))).to.be.deep.equal({\n  items: [10],\n  maxLength: 115\n});",
                "err": {
                  "message": "AssertionError: expected { Object (maxWeight, number, ...) } to deeply equal { items: [ 10 ], maxLength: 115 }",
                  "estack": "AssertionError: expected { Object (maxWeight, number, ...) } to deeply equal { items: [ 10 ], maxLength: 115 }\n    at Proxy.assertEqual (node_modules\\_chai@4.1.2@chai\\lib\\chai\\core\\assertions.js:1020:19)\n    at Proxy.methodWrapper (node_modules\\_chai@4.1.2@chai\\lib\\chai\\utils\\addMethod.js:57:25)\n    at Context.<anonymous> (F:/Project/webstrom/ST1/test/main.test.js:99:146)\n    at callFn (node_modules\\_mocha@5.0.5@mocha\\lib\\runnable.js:378:21)\n    at Test.Runnable.run (node_modules\\_mocha@5.0.5@mocha\\lib\\runnable.js:370:7)\n    at Runner.runTest (node_modules\\_mocha@5.0.5@mocha\\lib\\runner.js:442:10)\n    at F:\\Project\\webstrom\\ST1\\node_modules\\_mocha@5.0.5@mocha\\lib\\runner.js:560:12\n    at next (node_modules\\_mocha@5.0.5@mocha\\lib\\runner.js:356:14)\n    at F:\\Project\\webstrom\\ST1\\node_modules\\_mocha@5.0.5@mocha\\lib\\runner.js:366:7\n    at next (node_modules\\_mocha@5.0.5@mocha\\lib\\runner.js:290:14)\n    at Immediate._onImmediate (node_modules\\_mocha@5.0.5@mocha\\lib\\runner.js:334:5)",
                  "diff": " {\n-   \"maxSize\": 115\n-   \"maxWeight\": 0\n-   \"number\": 1\n+   \"items\": [\n+     10\n+   ]\n+   \"maxLength\": 115\n }\n"
                },
                "isRoot": false,
                "uuid": "d044779d-a3dd-42a2-8086-d3c22800f7e6",
                "isHook": false,
                "skipped": false
              }
            ],
            "suites": [],
            "passes": [],
            "failures": [
              "e94de824-1fa2-4ba8-96af-2a2851a9ac62",
              "f836dc82-e18a-4b1c-941c-21a8f716d68b",
              "8e1ff242-d303-436e-8cfe-ca4467878387",
              "66a8fafe-32f3-4f09-a268-cc1a6b23742b",
              "d044779d-a3dd-42a2-8086-d3c22800f7e6"
            ],
            "pending": [],
            "skipped": [],
            "duration": 0,
            "root": false,
            "rootEmpty": false,
            "_timeout": 2000
          },
          {
            "uuid": "6c1e2e4a-11ca-4c8f-8693-fcb5322eeca6",
            "title": "区域3航班的测试",
            "fullFile": "F:\\Project\\webstrom\\ST1\\test\\main.test.js",
            "file": "\\test\\main.test.js",
            "beforeHooks": [],
            "afterHooks": [],
            "tests": [
              {
                "title": "普通人员头等舱的测试",
                "fullTitle": "免费行李额度的测试 区域3航班的测试 普通人员头等舱的测试",
                "timedOut": false,
                "duration": 0,
                "state": "failed",
                "pass": false,
                "fail": true,
                "pending": false,
                "code": "expect(getFreeBabbage(new Traveler(Traveler.Type.头等舱, Traveler.SpecialType.普通人员), new Flight('', '', Flight.Type.区域三))).to.be.deep.equal({\n  items: [32, 32, 32],\n  maxLength: 158\n});",
                "err": {
                  "message": "AssertionError: expected { Object (maxWeight, maxSize, ...) } to deeply equal { Object (items, maxLength) }",
                  "estack": "AssertionError: expected { Object (maxWeight, maxSize, ...) } to deeply equal { Object (items, maxLength) }\n    at Proxy.assertEqual (node_modules\\_chai@4.1.2@chai\\lib\\chai\\core\\assertions.js:1020:19)\n    at Proxy.methodWrapper (node_modules\\_chai@4.1.2@chai\\lib\\chai\\utils\\addMethod.js:57:25)\n    at Context.<anonymous> (F:/Project/webstrom/ST1/test/main.test.js:107:138)\n    at callFn (node_modules\\_mocha@5.0.5@mocha\\lib\\runnable.js:378:21)\n    at Test.Runnable.run (node_modules\\_mocha@5.0.5@mocha\\lib\\runnable.js:370:7)\n    at Runner.runTest (node_modules\\_mocha@5.0.5@mocha\\lib\\runner.js:442:10)\n    at F:\\Project\\webstrom\\ST1\\node_modules\\_mocha@5.0.5@mocha\\lib\\runner.js:560:12\n    at next (node_modules\\_mocha@5.0.5@mocha\\lib\\runner.js:356:14)\n    at F:\\Project\\webstrom\\ST1\\node_modules\\_mocha@5.0.5@mocha\\lib\\runner.js:366:7\n    at next (node_modules\\_mocha@5.0.5@mocha\\lib\\runner.js:290:14)\n    at Immediate._onImmediate (node_modules\\_mocha@5.0.5@mocha\\lib\\runner.js:334:5)",
                  "diff": " {\n-   \"maxSize\": 158\n-   \"maxWeight\": 32\n-   \"number\": 3\n+   \"items\": [\n+     32\n+     32\n+     32\n+   ]\n+   \"maxLength\": 158\n }\n"
                },
                "isRoot": false,
                "uuid": "999aa903-04c0-4483-88e1-c99d0632f333",
                "isHook": false,
                "skipped": false
              },
              {
                "title": "普通人员公务舱的测试",
                "fullTitle": "免费行李额度的测试 区域3航班的测试 普通人员公务舱的测试",
                "timedOut": false,
                "duration": 0,
                "state": "failed",
                "pass": false,
                "fail": true,
                "pending": false,
                "code": "expect(getFreeBabbage(new Traveler(Traveler.Type.公务舱, Traveler.SpecialType.普通人员), new Flight('', '', Flight.Type.区域三))).to.be.deep.equal({\n  items: [32, 32],\n  maxLength: 158\n});",
                "err": {
                  "message": "AssertionError: expected { Object (maxWeight, number, ...) } to deeply equal { items: [ 32, 32 ], maxLength: 158 }",
                  "estack": "AssertionError: expected { Object (maxWeight, number, ...) } to deeply equal { items: [ 32, 32 ], maxLength: 158 }\n    at Proxy.assertEqual (node_modules\\_chai@4.1.2@chai\\lib\\chai\\core\\assertions.js:1020:19)\n    at Proxy.methodWrapper (node_modules\\_chai@4.1.2@chai\\lib\\chai\\utils\\addMethod.js:57:25)\n    at Context.<anonymous> (F:/Project/webstrom/ST1/test/main.test.js:113:138)\n    at callFn (node_modules\\_mocha@5.0.5@mocha\\lib\\runnable.js:378:21)\n    at Test.Runnable.run (node_modules\\_mocha@5.0.5@mocha\\lib\\runnable.js:370:7)\n    at Runner.runTest (node_modules\\_mocha@5.0.5@mocha\\lib\\runner.js:442:10)\n    at F:\\Project\\webstrom\\ST1\\node_modules\\_mocha@5.0.5@mocha\\lib\\runner.js:560:12\n    at next (node_modules\\_mocha@5.0.5@mocha\\lib\\runner.js:356:14)\n    at F:\\Project\\webstrom\\ST1\\node_modules\\_mocha@5.0.5@mocha\\lib\\runner.js:366:7\n    at next (node_modules\\_mocha@5.0.5@mocha\\lib\\runner.js:290:14)\n    at Immediate._onImmediate (node_modules\\_mocha@5.0.5@mocha\\lib\\runner.js:334:5)",
                  "diff": " {\n-   \"maxSize\": 158\n-   \"maxWeight\": 32\n-   \"number\": 2\n+   \"items\": [\n+     32\n+     32\n+   ]\n+   \"maxLength\": 158\n }\n"
                },
                "isRoot": false,
                "uuid": "a6aec979-7e5d-4399-a5f9-248fa5e34198",
                "isHook": false,
                "skipped": false
              },
              {
                "title": "普通人员明珠经济舱的测试",
                "fullTitle": "免费行李额度的测试 区域3航班的测试 普通人员明珠经济舱的测试",
                "timedOut": false,
                "duration": 0,
                "state": "failed",
                "pass": false,
                "fail": true,
                "pending": false,
                "code": "expect(getFreeBabbage(new Traveler(Traveler.Type.明珠经济舱, Traveler.SpecialType.普通人员), new Flight('', '', Flight.Type.区域三))).to.be.deep.equal({\n  items: [23, 23],\n  maxLength: 158\n});",
                "err": {
                  "message": "AssertionError: expected { Object (maxWeight, number, ...) } to deeply equal { items: [ 23, 23 ], maxLength: 158 }",
                  "estack": "AssertionError: expected { Object (maxWeight, number, ...) } to deeply equal { items: [ 23, 23 ], maxLength: 158 }\n    at Proxy.assertEqual (node_modules\\_chai@4.1.2@chai\\lib\\chai\\core\\assertions.js:1020:19)\n    at Proxy.methodWrapper (node_modules\\_chai@4.1.2@chai\\lib\\chai\\utils\\addMethod.js:57:25)\n    at Context.<anonymous> (F:/Project/webstrom/ST1/test/main.test.js:119:140)\n    at callFn (node_modules\\_mocha@5.0.5@mocha\\lib\\runnable.js:378:21)\n    at Test.Runnable.run (node_modules\\_mocha@5.0.5@mocha\\lib\\runnable.js:370:7)\n    at Runner.runTest (node_modules\\_mocha@5.0.5@mocha\\lib\\runner.js:442:10)\n    at F:\\Project\\webstrom\\ST1\\node_modules\\_mocha@5.0.5@mocha\\lib\\runner.js:560:12\n    at next (node_modules\\_mocha@5.0.5@mocha\\lib\\runner.js:356:14)\n    at F:\\Project\\webstrom\\ST1\\node_modules\\_mocha@5.0.5@mocha\\lib\\runner.js:366:7\n    at next (node_modules\\_mocha@5.0.5@mocha\\lib\\runner.js:290:14)\n    at Immediate._onImmediate (node_modules\\_mocha@5.0.5@mocha\\lib\\runner.js:334:5)",
                  "diff": " {\n-   \"maxSize\": 158\n-   \"maxWeight\": 23\n-   \"number\": 2\n+   \"items\": [\n+     23\n+     23\n+   ]\n+   \"maxLength\": 158\n }\n"
                },
                "isRoot": false,
                "uuid": "cf74ba7b-a266-4edf-84a3-22d020855c11",
                "isHook": false,
                "skipped": false
              },
              {
                "title": "普通人员经济舱的测试",
                "fullTitle": "免费行李额度的测试 区域3航班的测试 普通人员经济舱的测试",
                "timedOut": false,
                "duration": 0,
                "state": "failed",
                "pass": false,
                "fail": true,
                "pending": false,
                "code": "expect(getFreeBabbage(new Traveler(Traveler.Type.经济舱, Traveler.SpecialType.普通人员), new Flight('', '', Flight.Type.区域三))).to.be.deep.equal({\n  items: [23, 23],\n  maxLength: 158\n});",
                "err": {
                  "message": "AssertionError: expected { Object (maxWeight, number, ...) } to deeply equal { items: [ 23, 23 ], maxLength: 158 }",
                  "estack": "AssertionError: expected { Object (maxWeight, number, ...) } to deeply equal { items: [ 23, 23 ], maxLength: 158 }\n    at Proxy.assertEqual (node_modules\\_chai@4.1.2@chai\\lib\\chai\\core\\assertions.js:1020:19)\n    at Proxy.methodWrapper (node_modules\\_chai@4.1.2@chai\\lib\\chai\\utils\\addMethod.js:57:25)\n    at Context.<anonymous> (F:/Project/webstrom/ST1/test/main.test.js:125:138)\n    at callFn (node_modules\\_mocha@5.0.5@mocha\\lib\\runnable.js:378:21)\n    at Test.Runnable.run (node_modules\\_mocha@5.0.5@mocha\\lib\\runnable.js:370:7)\n    at Runner.runTest (node_modules\\_mocha@5.0.5@mocha\\lib\\runner.js:442:10)\n    at F:\\Project\\webstrom\\ST1\\node_modules\\_mocha@5.0.5@mocha\\lib\\runner.js:560:12\n    at next (node_modules\\_mocha@5.0.5@mocha\\lib\\runner.js:356:14)\n    at F:\\Project\\webstrom\\ST1\\node_modules\\_mocha@5.0.5@mocha\\lib\\runner.js:366:7\n    at next (node_modules\\_mocha@5.0.5@mocha\\lib\\runner.js:290:14)\n    at Immediate._onImmediate (node_modules\\_mocha@5.0.5@mocha\\lib\\runner.js:334:5)",
                  "diff": " {\n-   \"maxSize\": 158\n-   \"maxWeight\": 23\n-   \"number\": 2\n+   \"items\": [\n+     23\n+     23\n+   ]\n+   \"maxLength\": 158\n }\n"
                },
                "isRoot": false,
                "uuid": "d44b7de7-a588-40c4-891d-f1f941ffd88a",
                "isHook": false,
                "skipped": false
              },
              {
                "title": "普通人员不占座婴儿的测试",
                "fullTitle": "免费行李额度的测试 区域3航班的测试 普通人员不占座婴儿的测试",
                "timedOut": false,
                "duration": 0,
                "state": "failed",
                "pass": false,
                "fail": true,
                "pending": false,
                "code": "expect(getFreeBabbage(new Traveler(Traveler.Type.不占座婴儿, Traveler.SpecialType.普通人员), new Flight('', '', Flight.Type.区域三))).to.be.deep.equal({\n  items: [10],\n  maxLength: 115\n});",
                "err": {
                  "message": "AssertionError: expected { Object (maxWeight, number, ...) } to deeply equal { items: [ 10 ], maxLength: 115 }",
                  "estack": "AssertionError: expected { Object (maxWeight, number, ...) } to deeply equal { items: [ 10 ], maxLength: 115 }\n    at Proxy.assertEqual (node_modules\\_chai@4.1.2@chai\\lib\\chai\\core\\assertions.js:1020:19)\n    at Proxy.methodWrapper (node_modules\\_chai@4.1.2@chai\\lib\\chai\\utils\\addMethod.js:57:25)\n    at Context.<anonymous> (F:/Project/webstrom/ST1/test/main.test.js:131:140)\n    at callFn (node_modules\\_mocha@5.0.5@mocha\\lib\\runnable.js:378:21)\n    at Test.Runnable.run (node_modules\\_mocha@5.0.5@mocha\\lib\\runnable.js:370:7)\n    at Runner.runTest (node_modules\\_mocha@5.0.5@mocha\\lib\\runner.js:442:10)\n    at F:\\Project\\webstrom\\ST1\\node_modules\\_mocha@5.0.5@mocha\\lib\\runner.js:560:12\n    at next (node_modules\\_mocha@5.0.5@mocha\\lib\\runner.js:356:14)\n    at F:\\Project\\webstrom\\ST1\\node_modules\\_mocha@5.0.5@mocha\\lib\\runner.js:366:7\n    at next (node_modules\\_mocha@5.0.5@mocha\\lib\\runner.js:290:14)\n    at Immediate._onImmediate (node_modules\\_mocha@5.0.5@mocha\\lib\\runner.js:334:5)",
                  "diff": " {\n-   \"maxSize\": 115\n-   \"maxWeight\": 0\n-   \"number\": 1\n+   \"items\": [\n+     10\n+   ]\n+   \"maxLength\": 115\n }\n"
                },
                "isRoot": false,
                "uuid": "ab7830cf-135d-4028-985c-41a102d51796",
                "isHook": false,
                "skipped": false
              }
            ],
            "suites": [],
            "passes": [],
            "failures": [
              "999aa903-04c0-4483-88e1-c99d0632f333",
              "a6aec979-7e5d-4399-a5f9-248fa5e34198",
              "cf74ba7b-a266-4edf-84a3-22d020855c11",
              "d44b7de7-a588-40c4-891d-f1f941ffd88a",
              "ab7830cf-135d-4028-985c-41a102d51796"
            ],
            "pending": [],
            "skipped": [],
            "duration": 0,
            "root": false,
            "rootEmpty": false,
            "_timeout": 2000
          },
          {
            "uuid": "c2be9a6f-0dff-4169-b1cb-08aea6d64f52",
            "title": "区域4航班的测试",
            "fullFile": "F:\\Project\\webstrom\\ST1\\test\\main.test.js",
            "file": "\\test\\main.test.js",
            "beforeHooks": [],
            "afterHooks": [],
            "tests": [
              {
                "title": "普通人员头等舱的测试",
                "fullTitle": "免费行李额度的测试 区域4航班的测试 普通人员头等舱的测试",
                "timedOut": false,
                "duration": 0,
                "state": "failed",
                "pass": false,
                "fail": true,
                "pending": false,
                "code": "expect(getFreeBabbage(new Traveler(Traveler.Type.头等舱, Traveler.SpecialType.普通人员), new Flight('', '', Flight.Type.区域四))).to.be.deep.equal({\n  items: [32, 32, 32],\n  maxLength: 158\n});",
                "err": {
                  "message": "AssertionError: expected { Object (maxWeight, maxSize, ...) } to deeply equal { Object (items, maxLength) }",
                  "estack": "AssertionError: expected { Object (maxWeight, maxSize, ...) } to deeply equal { Object (items, maxLength) }\n    at Proxy.assertEqual (node_modules\\_chai@4.1.2@chai\\lib\\chai\\core\\assertions.js:1020:19)\n    at Proxy.methodWrapper (node_modules\\_chai@4.1.2@chai\\lib\\chai\\utils\\addMethod.js:57:25)\n    at Context.<anonymous> (F:/Project/webstrom/ST1/test/main.test.js:139:138)\n    at callFn (node_modules\\_mocha@5.0.5@mocha\\lib\\runnable.js:378:21)\n    at Test.Runnable.run (node_modules\\_mocha@5.0.5@mocha\\lib\\runnable.js:370:7)\n    at Runner.runTest (node_modules\\_mocha@5.0.5@mocha\\lib\\runner.js:442:10)\n    at F:\\Project\\webstrom\\ST1\\node_modules\\_mocha@5.0.5@mocha\\lib\\runner.js:560:12\n    at next (node_modules\\_mocha@5.0.5@mocha\\lib\\runner.js:356:14)\n    at F:\\Project\\webstrom\\ST1\\node_modules\\_mocha@5.0.5@mocha\\lib\\runner.js:366:7\n    at next (node_modules\\_mocha@5.0.5@mocha\\lib\\runner.js:290:14)\n    at Immediate._onImmediate (node_modules\\_mocha@5.0.5@mocha\\lib\\runner.js:334:5)",
                  "diff": " {\n-   \"maxSize\": 158\n-   \"maxWeight\": 32\n-   \"number\": 3\n+   \"items\": [\n+     32\n+     32\n+     32\n+   ]\n+   \"maxLength\": 158\n }\n"
                },
                "isRoot": false,
                "uuid": "b235254d-cde0-46c0-8b09-946b29372d6c",
                "isHook": false,
                "skipped": false
              },
              {
                "title": "普通人员公务舱的测试",
                "fullTitle": "免费行李额度的测试 区域4航班的测试 普通人员公务舱的测试",
                "timedOut": false,
                "duration": 0,
                "state": "failed",
                "pass": false,
                "fail": true,
                "pending": false,
                "code": "expect(getFreeBabbage(new Traveler(Traveler.Type.公务舱, Traveler.SpecialType.普通人员), new Flight('', '', Flight.Type.区域四))).to.be.deep.equal({\n  items: [23, 23, 23],\n  maxLength: 158\n});",
                "err": {
                  "message": "AssertionError: expected { Object (maxWeight, number, ...) } to deeply equal { Object (items, maxLength) }",
                  "estack": "AssertionError: expected { Object (maxWeight, number, ...) } to deeply equal { Object (items, maxLength) }\n    at Proxy.assertEqual (node_modules\\_chai@4.1.2@chai\\lib\\chai\\core\\assertions.js:1020:19)\n    at Proxy.methodWrapper (node_modules\\_chai@4.1.2@chai\\lib\\chai\\utils\\addMethod.js:57:25)\n    at Context.<anonymous> (F:/Project/webstrom/ST1/test/main.test.js:145:138)\n    at callFn (node_modules\\_mocha@5.0.5@mocha\\lib\\runnable.js:378:21)\n    at Test.Runnable.run (node_modules\\_mocha@5.0.5@mocha\\lib\\runnable.js:370:7)\n    at Runner.runTest (node_modules\\_mocha@5.0.5@mocha\\lib\\runner.js:442:10)\n    at F:\\Project\\webstrom\\ST1\\node_modules\\_mocha@5.0.5@mocha\\lib\\runner.js:560:12\n    at next (node_modules\\_mocha@5.0.5@mocha\\lib\\runner.js:356:14)\n    at F:\\Project\\webstrom\\ST1\\node_modules\\_mocha@5.0.5@mocha\\lib\\runner.js:366:7\n    at next (node_modules\\_mocha@5.0.5@mocha\\lib\\runner.js:290:14)\n    at Immediate._onImmediate (node_modules\\_mocha@5.0.5@mocha\\lib\\runner.js:334:5)",
                  "diff": " {\n-   \"maxSize\": 158\n-   \"maxWeight\": 23\n-   \"number\": 3\n+   \"items\": [\n+     23\n+     23\n+     23\n+   ]\n+   \"maxLength\": 158\n }\n"
                },
                "isRoot": false,
                "uuid": "9a69c1fd-e9ae-4fbc-8937-6b132dc596ef",
                "isHook": false,
                "skipped": false
              },
              {
                "title": "普通人员明珠经济舱的测试",
                "fullTitle": "免费行李额度的测试 区域4航班的测试 普通人员明珠经济舱的测试",
                "timedOut": false,
                "duration": 1,
                "state": "failed",
                "pass": false,
                "fail": true,
                "pending": false,
                "code": "expect(getFreeBabbage(new Traveler(Traveler.Type.明珠经济舱, Traveler.SpecialType.普通人员), new Flight('', '', Flight.Type.区域四))).to.be.deep.equal({\n  items: [23, 23],\n  maxLength: 158\n});",
                "err": {
                  "message": "AssertionError: expected { Object (maxWeight, number, ...) } to deeply equal { items: [ 23, 23 ], maxLength: 158 }",
                  "estack": "AssertionError: expected { Object (maxWeight, number, ...) } to deeply equal { items: [ 23, 23 ], maxLength: 158 }\n    at Proxy.assertEqual (node_modules\\_chai@4.1.2@chai\\lib\\chai\\core\\assertions.js:1020:19)\n    at Proxy.methodWrapper (node_modules\\_chai@4.1.2@chai\\lib\\chai\\utils\\addMethod.js:57:25)\n    at Context.<anonymous> (F:/Project/webstrom/ST1/test/main.test.js:151:140)\n    at callFn (node_modules\\_mocha@5.0.5@mocha\\lib\\runnable.js:378:21)\n    at Test.Runnable.run (node_modules\\_mocha@5.0.5@mocha\\lib\\runnable.js:370:7)\n    at Runner.runTest (node_modules\\_mocha@5.0.5@mocha\\lib\\runner.js:442:10)\n    at F:\\Project\\webstrom\\ST1\\node_modules\\_mocha@5.0.5@mocha\\lib\\runner.js:560:12\n    at next (node_modules\\_mocha@5.0.5@mocha\\lib\\runner.js:356:14)\n    at F:\\Project\\webstrom\\ST1\\node_modules\\_mocha@5.0.5@mocha\\lib\\runner.js:366:7\n    at next (node_modules\\_mocha@5.0.5@mocha\\lib\\runner.js:290:14)\n    at Immediate._onImmediate (node_modules\\_mocha@5.0.5@mocha\\lib\\runner.js:334:5)",
                  "diff": " {\n-   \"maxSize\": 158\n-   \"maxWeight\": 23\n-   \"number\": 2\n+   \"items\": [\n+     23\n+     23\n+   ]\n+   \"maxLength\": 158\n }\n"
                },
                "isRoot": false,
                "uuid": "087adef3-61aa-4545-a275-c1eeef0dbff3",
                "isHook": false,
                "skipped": false
              },
              {
                "title": "普通人员经济舱的测试",
                "fullTitle": "免费行李额度的测试 区域4航班的测试 普通人员经济舱的测试",
                "timedOut": false,
                "duration": 0,
                "state": "failed",
                "pass": false,
                "fail": true,
                "pending": false,
                "code": "expect(getFreeBabbage(new Traveler(Traveler.Type.经济舱, Traveler.SpecialType.普通人员), new Flight('', '', Flight.Type.区域四))).to.be.deep.equal({\n  items: [23],\n  maxLength: 158\n});",
                "err": {
                  "message": "AssertionError: expected { Object (maxWeight, number, ...) } to deeply equal { items: [ 23 ], maxLength: 158 }",
                  "estack": "AssertionError: expected { Object (maxWeight, number, ...) } to deeply equal { items: [ 23 ], maxLength: 158 }\n    at Proxy.assertEqual (node_modules\\_chai@4.1.2@chai\\lib\\chai\\core\\assertions.js:1020:19)\n    at Proxy.methodWrapper (node_modules\\_chai@4.1.2@chai\\lib\\chai\\utils\\addMethod.js:57:25)\n    at Context.<anonymous> (F:/Project/webstrom/ST1/test/main.test.js:157:138)\n    at callFn (node_modules\\_mocha@5.0.5@mocha\\lib\\runnable.js:378:21)\n    at Test.Runnable.run (node_modules\\_mocha@5.0.5@mocha\\lib\\runnable.js:370:7)\n    at Runner.runTest (node_modules\\_mocha@5.0.5@mocha\\lib\\runner.js:442:10)\n    at F:\\Project\\webstrom\\ST1\\node_modules\\_mocha@5.0.5@mocha\\lib\\runner.js:560:12\n    at next (node_modules\\_mocha@5.0.5@mocha\\lib\\runner.js:356:14)\n    at F:\\Project\\webstrom\\ST1\\node_modules\\_mocha@5.0.5@mocha\\lib\\runner.js:366:7\n    at next (node_modules\\_mocha@5.0.5@mocha\\lib\\runner.js:290:14)\n    at Immediate._onImmediate (node_modules\\_mocha@5.0.5@mocha\\lib\\runner.js:334:5)",
                  "diff": " {\n-   \"maxSize\": 158\n-   \"maxWeight\": 23\n-   \"number\": 1\n+   \"items\": [\n+     23\n+   ]\n+   \"maxLength\": 158\n }\n"
                },
                "isRoot": false,
                "uuid": "6e62bbc7-51bb-4e6f-9ebd-96fdef27c226",
                "isHook": false,
                "skipped": false
              },
              {
                "title": "普通人员不占座婴儿的测试",
                "fullTitle": "免费行李额度的测试 区域4航班的测试 普通人员不占座婴儿的测试",
                "timedOut": false,
                "duration": 0,
                "state": "failed",
                "pass": false,
                "fail": true,
                "pending": false,
                "code": "expect(getFreeBabbage(new Traveler(Traveler.Type.不占座婴儿, Traveler.SpecialType.普通人员), new Flight('', '', Flight.Type.区域四))).to.be.deep.equal({\n  items: [10],\n  maxLength: 115\n});",
                "err": {
                  "message": "AssertionError: expected { Object (maxWeight, number, ...) } to deeply equal { items: [ 10 ], maxLength: 115 }",
                  "estack": "AssertionError: expected { Object (maxWeight, number, ...) } to deeply equal { items: [ 10 ], maxLength: 115 }\n    at Proxy.assertEqual (node_modules\\_chai@4.1.2@chai\\lib\\chai\\core\\assertions.js:1020:19)\n    at Proxy.methodWrapper (node_modules\\_chai@4.1.2@chai\\lib\\chai\\utils\\addMethod.js:57:25)\n    at Context.<anonymous> (F:/Project/webstrom/ST1/test/main.test.js:163:140)\n    at callFn (node_modules\\_mocha@5.0.5@mocha\\lib\\runnable.js:378:21)\n    at Test.Runnable.run (node_modules\\_mocha@5.0.5@mocha\\lib\\runnable.js:370:7)\n    at Runner.runTest (node_modules\\_mocha@5.0.5@mocha\\lib\\runner.js:442:10)\n    at F:\\Project\\webstrom\\ST1\\node_modules\\_mocha@5.0.5@mocha\\lib\\runner.js:560:12\n    at next (node_modules\\_mocha@5.0.5@mocha\\lib\\runner.js:356:14)\n    at F:\\Project\\webstrom\\ST1\\node_modules\\_mocha@5.0.5@mocha\\lib\\runner.js:366:7\n    at next (node_modules\\_mocha@5.0.5@mocha\\lib\\runner.js:290:14)\n    at Immediate._onImmediate (node_modules\\_mocha@5.0.5@mocha\\lib\\runner.js:334:5)",
                  "diff": " {\n-   \"maxSize\": 115\n-   \"maxWeight\": 0\n-   \"number\": 1\n+   \"items\": [\n+     10\n+   ]\n+   \"maxLength\": 115\n }\n"
                },
                "isRoot": false,
                "uuid": "6dc130f1-e3cd-4dee-afe7-0b26d3dbd3a6",
                "isHook": false,
                "skipped": false
              }
            ],
            "suites": [],
            "passes": [],
            "failures": [
              "b235254d-cde0-46c0-8b09-946b29372d6c",
              "9a69c1fd-e9ae-4fbc-8937-6b132dc596ef",
              "087adef3-61aa-4545-a275-c1eeef0dbff3",
              "6e62bbc7-51bb-4e6f-9ebd-96fdef27c226",
              "6dc130f1-e3cd-4dee-afe7-0b26d3dbd3a6"
            ],
            "pending": [],
            "skipped": [],
            "duration": 1,
            "root": false,
            "rootEmpty": false,
            "_timeout": 2000
          },
          {
            "uuid": "24a8f2a4-6697-487a-a87d-4ba7cf727ceb",
            "title": "区域5航班的测试",
            "fullFile": "F:\\Project\\webstrom\\ST1\\test\\main.test.js",
            "file": "\\test\\main.test.js",
            "beforeHooks": [],
            "afterHooks": [],
            "tests": [
              {
                "title": "普通人员头等舱的测试",
                "fullTitle": "免费行李额度的测试 区域5航班的测试 普通人员头等舱的测试",
                "timedOut": false,
                "duration": 0,
                "state": "failed",
                "pass": false,
                "fail": true,
                "pending": false,
                "code": "expect(getFreeBabbage(new Traveler(Traveler.Type.头等舱, Traveler.SpecialType.普通人员), new Flight('', '', Flight.Type.区域五))).to.be.deep.equal({\n  items: [32, 32, 32],\n  maxLength: 158\n});",
                "err": {
                  "message": "AssertionError: expected { Object (maxWeight, maxSize, ...) } to deeply equal { Object (items, maxLength) }",
                  "estack": "AssertionError: expected { Object (maxWeight, maxSize, ...) } to deeply equal { Object (items, maxLength) }\n    at Proxy.assertEqual (node_modules\\_chai@4.1.2@chai\\lib\\chai\\core\\assertions.js:1020:19)\n    at Proxy.methodWrapper (node_modules\\_chai@4.1.2@chai\\lib\\chai\\utils\\addMethod.js:57:25)\n    at Context.<anonymous> (F:/Project/webstrom/ST1/test/main.test.js:171:138)\n    at callFn (node_modules\\_mocha@5.0.5@mocha\\lib\\runnable.js:378:21)\n    at Test.Runnable.run (node_modules\\_mocha@5.0.5@mocha\\lib\\runnable.js:370:7)\n    at Runner.runTest (node_modules\\_mocha@5.0.5@mocha\\lib\\runner.js:442:10)\n    at F:\\Project\\webstrom\\ST1\\node_modules\\_mocha@5.0.5@mocha\\lib\\runner.js:560:12\n    at next (node_modules\\_mocha@5.0.5@mocha\\lib\\runner.js:356:14)\n    at F:\\Project\\webstrom\\ST1\\node_modules\\_mocha@5.0.5@mocha\\lib\\runner.js:366:7\n    at next (node_modules\\_mocha@5.0.5@mocha\\lib\\runner.js:290:14)\n    at Immediate._onImmediate (node_modules\\_mocha@5.0.5@mocha\\lib\\runner.js:334:5)",
                  "diff": " {\n-   \"maxSize\": 158\n-   \"maxWeight\": 32\n-   \"number\": 3\n+   \"items\": [\n+     32\n+     32\n+     32\n+   ]\n+   \"maxLength\": 158\n }\n"
                },
                "isRoot": false,
                "uuid": "b345a4c1-483e-4346-a084-786230b987ea",
                "isHook": false,
                "skipped": false
              },
              {
                "title": "普通人员公务舱的测试",
                "fullTitle": "免费行李额度的测试 区域5航班的测试 普通人员公务舱的测试",
                "timedOut": false,
                "duration": 1,
                "state": "failed",
                "pass": false,
                "fail": true,
                "pending": false,
                "code": "expect(getFreeBabbage(new Traveler(Traveler.Type.公务舱, Traveler.SpecialType.普通人员), new Flight('', '', Flight.Type.区域五))).to.be.deep.equal({\n  items: [32, 32],\n  maxLength: 158\n});",
                "err": {
                  "message": "AssertionError: expected { Object (maxWeight, number, ...) } to deeply equal { items: [ 32, 32 ], maxLength: 158 }",
                  "estack": "AssertionError: expected { Object (maxWeight, number, ...) } to deeply equal { items: [ 32, 32 ], maxLength: 158 }\n    at Proxy.assertEqual (node_modules\\_chai@4.1.2@chai\\lib\\chai\\core\\assertions.js:1020:19)\n    at Proxy.methodWrapper (node_modules\\_chai@4.1.2@chai\\lib\\chai\\utils\\addMethod.js:57:25)\n    at Context.<anonymous> (F:/Project/webstrom/ST1/test/main.test.js:177:138)\n    at callFn (node_modules\\_mocha@5.0.5@mocha\\lib\\runnable.js:378:21)\n    at Test.Runnable.run (node_modules\\_mocha@5.0.5@mocha\\lib\\runnable.js:370:7)\n    at Runner.runTest (node_modules\\_mocha@5.0.5@mocha\\lib\\runner.js:442:10)\n    at F:\\Project\\webstrom\\ST1\\node_modules\\_mocha@5.0.5@mocha\\lib\\runner.js:560:12\n    at next (node_modules\\_mocha@5.0.5@mocha\\lib\\runner.js:356:14)\n    at F:\\Project\\webstrom\\ST1\\node_modules\\_mocha@5.0.5@mocha\\lib\\runner.js:366:7\n    at next (node_modules\\_mocha@5.0.5@mocha\\lib\\runner.js:290:14)\n    at Immediate._onImmediate (node_modules\\_mocha@5.0.5@mocha\\lib\\runner.js:334:5)",
                  "diff": " {\n-   \"maxSize\": 158\n-   \"maxWeight\": 32\n-   \"number\": 2\n+   \"items\": [\n+     32\n+     32\n+   ]\n+   \"maxLength\": 158\n }\n"
                },
                "isRoot": false,
                "uuid": "2d8eca45-9081-4f6a-99c3-8d1629a3a538",
                "isHook": false,
                "skipped": false
              },
              {
                "title": "普通人员明珠经济舱的测试",
                "fullTitle": "免费行李额度的测试 区域5航班的测试 普通人员明珠经济舱的测试",
                "timedOut": false,
                "duration": 0,
                "state": "failed",
                "pass": false,
                "fail": true,
                "pending": false,
                "code": "expect(getFreeBabbage(new Traveler(Traveler.Type.明珠经济舱, Traveler.SpecialType.普通人员), new Flight('', '', Flight.Type.区域五))).to.be.deep.equal({\n  items: [23],\n  maxLength: 158\n});",
                "err": {
                  "message": "AssertionError: expected { Object (maxWeight, number, ...) } to deeply equal { items: [ 23 ], maxLength: 158 }",
                  "estack": "AssertionError: expected { Object (maxWeight, number, ...) } to deeply equal { items: [ 23 ], maxLength: 158 }\n    at Proxy.assertEqual (node_modules\\_chai@4.1.2@chai\\lib\\chai\\core\\assertions.js:1020:19)\n    at Proxy.methodWrapper (node_modules\\_chai@4.1.2@chai\\lib\\chai\\utils\\addMethod.js:57:25)\n    at Context.<anonymous> (F:/Project/webstrom/ST1/test/main.test.js:183:140)\n    at callFn (node_modules\\_mocha@5.0.5@mocha\\lib\\runnable.js:378:21)\n    at Test.Runnable.run (node_modules\\_mocha@5.0.5@mocha\\lib\\runnable.js:370:7)\n    at Runner.runTest (node_modules\\_mocha@5.0.5@mocha\\lib\\runner.js:442:10)\n    at F:\\Project\\webstrom\\ST1\\node_modules\\_mocha@5.0.5@mocha\\lib\\runner.js:560:12\n    at next (node_modules\\_mocha@5.0.5@mocha\\lib\\runner.js:356:14)\n    at F:\\Project\\webstrom\\ST1\\node_modules\\_mocha@5.0.5@mocha\\lib\\runner.js:366:7\n    at next (node_modules\\_mocha@5.0.5@mocha\\lib\\runner.js:290:14)\n    at Immediate._onImmediate (node_modules\\_mocha@5.0.5@mocha\\lib\\runner.js:334:5)",
                  "diff": " {\n-   \"maxSize\": 158\n-   \"maxWeight\": 23\n-   \"number\": 1\n+   \"items\": [\n+     23\n+   ]\n+   \"maxLength\": 158\n }\n"
                },
                "isRoot": false,
                "uuid": "7fbcde29-87b4-41ba-991e-024f1283c471",
                "isHook": false,
                "skipped": false
              },
              {
                "title": "普通人员经济舱的测试",
                "fullTitle": "免费行李额度的测试 区域5航班的测试 普通人员经济舱的测试",
                "timedOut": false,
                "duration": 0,
                "state": "failed",
                "pass": false,
                "fail": true,
                "pending": false,
                "code": "expect(getFreeBabbage(new Traveler(Traveler.Type.经济舱, Traveler.SpecialType.普通人员), new Flight('', '', Flight.Type.区域五))).to.be.deep.equal({\n  items: [23],\n  maxLength: 158\n});",
                "err": {
                  "message": "AssertionError: expected { Object (maxWeight, number, ...) } to deeply equal { items: [ 23 ], maxLength: 158 }",
                  "estack": "AssertionError: expected { Object (maxWeight, number, ...) } to deeply equal { items: [ 23 ], maxLength: 158 }\n    at Proxy.assertEqual (node_modules\\_chai@4.1.2@chai\\lib\\chai\\core\\assertions.js:1020:19)\n    at Proxy.methodWrapper (node_modules\\_chai@4.1.2@chai\\lib\\chai\\utils\\addMethod.js:57:25)\n    at Context.<anonymous> (F:/Project/webstrom/ST1/test/main.test.js:189:138)\n    at callFn (node_modules\\_mocha@5.0.5@mocha\\lib\\runnable.js:378:21)\n    at Test.Runnable.run (node_modules\\_mocha@5.0.5@mocha\\lib\\runnable.js:370:7)\n    at Runner.runTest (node_modules\\_mocha@5.0.5@mocha\\lib\\runner.js:442:10)\n    at F:\\Project\\webstrom\\ST1\\node_modules\\_mocha@5.0.5@mocha\\lib\\runner.js:560:12\n    at next (node_modules\\_mocha@5.0.5@mocha\\lib\\runner.js:356:14)\n    at F:\\Project\\webstrom\\ST1\\node_modules\\_mocha@5.0.5@mocha\\lib\\runner.js:366:7\n    at next (node_modules\\_mocha@5.0.5@mocha\\lib\\runner.js:290:14)\n    at Immediate._onImmediate (node_modules\\_mocha@5.0.5@mocha\\lib\\runner.js:334:5)",
                  "diff": " {\n-   \"maxSize\": 158\n-   \"maxWeight\": 23\n-   \"number\": 1\n+   \"items\": [\n+     23\n+   ]\n+   \"maxLength\": 158\n }\n"
                },
                "isRoot": false,
                "uuid": "2668f557-2f2d-4bd5-b0b1-c74638b09cbf",
                "isHook": false,
                "skipped": false
              },
              {
                "title": "普通人员不占座婴儿的测试",
                "fullTitle": "免费行李额度的测试 区域5航班的测试 普通人员不占座婴儿的测试",
                "timedOut": false,
                "duration": 0,
                "state": "failed",
                "pass": false,
                "fail": true,
                "pending": false,
                "code": "expect(getFreeBabbage(new Traveler(Traveler.Type.不占座婴儿, Traveler.SpecialType.普通人员), new Flight('', '', Flight.Type.区域五))).to.be.deep.equal({\n  items: [10],\n  maxLength: 115\n});",
                "err": {
                  "message": "AssertionError: expected { Object (maxWeight, number, ...) } to deeply equal { items: [ 10 ], maxLength: 115 }",
                  "estack": "AssertionError: expected { Object (maxWeight, number, ...) } to deeply equal { items: [ 10 ], maxLength: 115 }\n    at Proxy.assertEqual (node_modules\\_chai@4.1.2@chai\\lib\\chai\\core\\assertions.js:1020:19)\n    at Proxy.methodWrapper (node_modules\\_chai@4.1.2@chai\\lib\\chai\\utils\\addMethod.js:57:25)\n    at Context.<anonymous> (F:/Project/webstrom/ST1/test/main.test.js:195:140)\n    at callFn (node_modules\\_mocha@5.0.5@mocha\\lib\\runnable.js:378:21)\n    at Test.Runnable.run (node_modules\\_mocha@5.0.5@mocha\\lib\\runnable.js:370:7)\n    at Runner.runTest (node_modules\\_mocha@5.0.5@mocha\\lib\\runner.js:442:10)\n    at F:\\Project\\webstrom\\ST1\\node_modules\\_mocha@5.0.5@mocha\\lib\\runner.js:560:12\n    at next (node_modules\\_mocha@5.0.5@mocha\\lib\\runner.js:356:14)\n    at F:\\Project\\webstrom\\ST1\\node_modules\\_mocha@5.0.5@mocha\\lib\\runner.js:366:7\n    at next (node_modules\\_mocha@5.0.5@mocha\\lib\\runner.js:290:14)\n    at Immediate._onImmediate (node_modules\\_mocha@5.0.5@mocha\\lib\\runner.js:334:5)",
                  "diff": " {\n-   \"maxSize\": 115\n-   \"maxWeight\": 0\n-   \"number\": 1\n+   \"items\": [\n+     10\n+   ]\n+   \"maxLength\": 115\n }\n"
                },
                "isRoot": false,
                "uuid": "d4675710-8a72-47a1-bc94-204075aa0ee9",
                "isHook": false,
                "skipped": false
              }
            ],
            "suites": [],
            "passes": [],
            "failures": [
              "b345a4c1-483e-4346-a084-786230b987ea",
              "2d8eca45-9081-4f6a-99c3-8d1629a3a538",
              "7fbcde29-87b4-41ba-991e-024f1283c471",
              "2668f557-2f2d-4bd5-b0b1-c74638b09cbf",
              "d4675710-8a72-47a1-bc94-204075aa0ee9"
            ],
            "pending": [],
            "skipped": [],
            "duration": 1,
            "root": false,
            "rootEmpty": false,
            "_timeout": 2000
          }
        ],
        "passes": [],
        "failures": [],
        "pending": [],
        "skipped": [],
        "duration": 0,
        "root": false,
        "rootEmpty": false,
        "_timeout": 2000
      }
    ],
    "passes": [],
    "failures": [],
    "pending": [],
    "skipped": [],
    "duration": 0,
    "root": true,
    "rootEmpty": true,
    "_timeout": 2000
  },
  "copyrightYear": 2018
}